# JRE version: OpenJDK Runtime Environment Temurin-11.0.16+8 (11.0.16+8) (build 11.0.16+8)
# Java VM: OpenJDK 64-Bit Server VM Temurin-11.0.16+8 (11.0.16+8, mixed mode, tiered, compressed oops, g1 gc, windows-amd64)
Heap:
 garbage-first heap   total 157696K, used 122863K [0x0000000081a00000, 0x0000000100000000)
  region size 1024K, 67 young (68608K), 2 survivors (2048K)
 Metaspace       used 75934K, capacity 78410K, committed 78592K, reserved 1118208K
  class space    used 8881K, capacity 9406K, committed 9472K, reserved 1048576K
GC Heap History (20 events):
Event: 11.743 GC heap after
{Heap after GC invocations=10 (full 0):
 garbage-first heap   total 157696K, used 33925K [0x0000000081a00000, 0x0000000100000000)
  region size 1024K, 8 young (8192K), 8 survivors (8192K)
 Metaspace       used 33271K, capacity 33946K, committed 34176K, reserved 1079296K
  class space    used 3439K, capacity 3702K, committed 3712K, reserved 1048576K
}
Event: 12.343 GC heap before
{Heap before GC invocations=10 (full 0):
 garbage-first heap   total 157696K, used 71813K [0x0000000081a00000, 0x0000000100000000)
  region size 1024K, 46 young (47104K), 8 survivors (8192K)
 Metaspace       used 35089K, capacity 35797K, committed 35840K, reserved 1081344K
  class space    used 3666K, capacity 3954K, committed 3968K, reserved 1048576K
}
Event: 12.352 GC heap after
{Heap after GC invocations=11 (full 0):
 garbage-first heap   total 157696K, used 36717K [0x0000000081a00000, 0x0000000100000000)
  region size 1024K, 3 young (3072K), 3 survivors (3072K)
 Metaspace       used 35089K, capacity 35797K, committed 35840K, reserved 1081344K
  class space    used 3666K, capacity 3954K, committed 3968K, reserved 1048576K
}
Event: 13.768 GC heap before
{Heap before GC invocations=12 (full 0):
 garbage-first heap   total 157696K, used 106349K [0x0000000081a00000, 0x0000000100000000)
  region size 1024K, 72 young (73728K), 3 survivors (3072K)
 Metaspace       used 41292K, capacity 42032K, committed 42112K, reserved 1087488K
  class space    used 4403K, capacity 4687K, committed 4736K, reserved 1048576K
}
Event: 13.771 GC heap after
{Heap after GC invocations=13 (full 0):
 garbage-first heap   total 157696K, used 37462K [0x0000000081a00000, 0x0000000100000000)
  region size 1024K, 4 young (4096K), 4 survivors (4096K)
 Metaspace       used 41292K, capacity 42032K, committed 42112K, reserved 1087488K
  class space    used 4403K, capacity 4687K, committed 4736K, reserved 1048576K
}
Event: 15.865 GC heap before
{Heap before GC invocations=13 (full 0):
 garbage-first heap   total 157696K, used 111190K [0x0000000081a00000, 0x0000000100000000)
  region size 1024K, 76 young (77824K), 4 survivors (4096K)
 Metaspace       used 48237K, capacity 49154K, committed 49280K, reserved 1093632K
  class space    used 5537K, capacity 5912K, committed 6016K, reserved 1048576K
}
Event: 15.870 GC heap after
{Heap after GC invocations=14 (full 0):
 garbage-first heap   total 157696K, used 39268K [0x0000000081a00000, 0x0000000100000000)
  region size 1024K, 6 young (6144K), 6 survivors (6144K)
 Metaspace       used 48237K, capacity 49154K, committed 49280K, reserved 1093632K
  class space    used 5537K, capacity 5912K, committed 6016K, reserved 1048576K
}
Event: 17.356 GC heap before
{Heap before GC invocations=14 (full 0):
 garbage-first heap   total 157696K, used 115044K [0x0000000081a00000, 0x0000000100000000)
  region size 1024K, 80 young (81920K), 6 survivors (6144K)
 Metaspace       used 53608K, capacity 54508K, committed 54784K, reserved 1097728K
  class space    used 6223K, capacity 6585K, committed 6656K, reserved 1048576K
}
Event: 17.362 GC heap after
{Heap after GC invocations=15 (full 0):
 garbage-first heap   total 157696K, used 44770K [0x0000000081a00000, 0x0000000100000000)
  region size 1024K, 10 young (10240K), 10 survivors (10240K)
 Metaspace       used 53608K, capacity 54508K, committed 54784K, reserved 1097728K
  class space    used 6223K, capacity 6585K, committed 6656K, reserved 1048576K
}
Event: 18.981 GC heap before
{Heap before GC invocations=15 (full 0):
 garbage-first heap   total 157696K, used 116450K [0x0000000081a00000, 0x0000000100000000)
  region size 1024K, 81 young (82944K), 10 survivors (10240K)
 Metaspace       used 59094K, capacity 60085K, committed 60160K, reserved 1101824K
  class space    used 7121K, capacity 7498K, committed 7552K, reserved 1048576K
}
Event: 18.997 GC heap after
{Heap after GC invocations=16 (full 0):
 garbage-first heap   total 157696K, used 47377K [0x0000000081a00000, 0x0000000100000000)
  region size 1024K, 2 young (2048K), 2 survivors (2048K)
 Metaspace       used 59094K, capacity 60085K, committed 60160K, reserved 1101824K
  class space    used 7121K, capacity 7498K, committed 7552K, reserved 1048576K
}
Event: 20.586 GC heap before
{Heap before GC invocations=17 (full 0):
 garbage-first heap   total 157696K, used 120081K [0x0000000081a00000, 0x0000000100000000)
  region size 1024K, 73 young (74752K), 2 survivors (2048K)
 Metaspace       used 64643K, capacity 65822K, committed 66176K, reserved 1107968K
  class space    used 7781K, capacity 8214K, committed 8320K, reserved 1048576K
}
Event: 20.600 GC heap after
{Heap after GC invocations=18 (full 0):
 garbage-first heap   total 157696K, used 49429K [0x0000000081a00000, 0x0000000100000000)
  region size 1024K, 4 young (4096K), 4 survivors (4096K)
 Metaspace       used 64643K, capacity 65822K, committed 66176K, reserved 1107968K
  class space    used 7781K, capacity 8214K, committed 8320K, reserved 1048576K
}
Event: 20.730 GC heap before
{Heap before GC invocations=18 (full 0):
 garbage-first heap   total 157696K, used 52501K [0x0000000081a00000, 0x0000000100000000)
  region size 1024K, 7 young (7168K), 4 survivors (4096K)
 Metaspace       used 65468K, capacity 66673K, committed 66944K, reserved 1107968K
  class space    used 7868K, capacity 8264K, committed 8320K, reserved 1048576K
}
Event: 20.736 GC heap after
{Heap after GC invocations=19 (full 0):
 garbage-first heap   total 157696K, used 44631K [0x0000000081a00000, 0x0000000100000000)
  region size 1024K, 1 young (1024K), 1 survivors (1024K)
 Metaspace       used 65468K, capacity 66673K, committed 66944K, reserved 1107968K
  class space    used 7868K, capacity 8264K, committed 8320K, reserved 1048576K
}
Event: 24.350 GC heap before
{Heap before GC invocations=19 (full 0):
 garbage-first heap   total 157696K, used 118359K [0x0000000081a00000, 0x0000000100000000)
  region size 1024K, 74 young (75776K), 1 survivors (1024K)
 Metaspace       used 72570K, capacity 74396K, committed 74624K, reserved 1114112K
  class space    used 8617K, capacity 9057K, committed 9088K, reserved 1048576K
}
Event: 24.359 GC heap after
{Heap after GC invocations=20 (full 0):
 garbage-first heap   total 157696K, used 48784K [0x0000000081a00000, 0x0000000100000000)
  region size 1024K, 5 young (5120K), 5 survivors (5120K)
 Metaspace       used 72570K, capacity 74396K, committed 74624K, reserved 1114112K
  class space    used 8617K, capacity 9057K, committed 9088K, reserved 1048576K
}
Event: 41.499 GC heap before
{Heap before GC invocations=20 (full 0):
 garbage-first heap   total 157696K, used 123536K [0x0000000081a00000, 0x0000000100000000)
  region size 1024K, 77 young (78848K), 5 survivors (5120K)
 Metaspace       used 75048K, capacity 77316K, committed 77440K, reserved 1118208K
  class space    used 8844K, capacity 9300K, committed 9344K, reserved 1048576K
}
Event: 41.514 GC heap after
{Heap after GC invocations=21 (full 0):
 garbage-first heap   total 157696K, used 56303K [0x0000000081a00000, 0x0000000100000000)
  region size 1024K, 10 young (10240K), 10 survivors (10240K)
 Metaspace       used 75048K, capacity 77316K, committed 77440K, reserved 1118208K
  class space    used 8844K, capacity 9300K, committed 9344K, reserved 1048576K
}
Event: 371.240 GC heap before
{Heap before GC invocations=21 (full 0):
 garbage-first heap   total 157696K, used 121839K [0x0000000081a00000, 0x0000000100000000)
  region size 1024K, 75 young (76800K), 10 survivors (10240K)
 Metaspace       used 75934K, capacity 78410K, committed 78592K, reserved 1118208K
  class space    used 8881K, capacity 9406K, committed 9472K, reserved 1048576K
}

